<?xml version="1.0" encoding="UTF-8"?>
<!-- Generated by org.testng.reporters.JUnitXMLReporter -->
<testsuite hostname="USNA012PLD" ignored="0" name="Test" tests="2" failures="0" timestamp="2023-02-24T02:03:07 CST" time="4.763" errors="0">
  <testcase name="@BeforeMethod setupBrowser" time="3.017" classname="base.BaseClass">
    <failure type="java.lang.IllegalStateException" message="The path to the driver executable The path to the driver executable must be set by the webdriver.chrome.driver system property; for more information, see https://chromedriver.chromium.org/. The latest version can be downloaded from https://chromedriver.chromium.org/downloads">
      <![CDATA[java.lang.IllegalStateException: The path to the driver executable The path to the driver executable must be set by the webdriver.chrome.driver system property; for more information, see https://chromedriver.chromium.org/. The latest version can be downloaded from https://chromedriver.chromium.org/downloads
at org.openqa.selenium.internal.Require$StateChecker.nonNull(Require.java:314)
at org.openqa.selenium.remote.service.DriverService.findExecutable(DriverService.java:149)
at org.openqa.selenium.chrome.ChromeDriverService.access$000(ChromeDriverService.java:42)
at org.openqa.selenium.chrome.ChromeDriverService$Builder.findDefaultExecutable(ChromeDriverService.java:315)
at org.openqa.selenium.remote.service.DriverService$Builder.build(DriverService.java:456)
at org.openqa.selenium.chrome.ChromeDriverService.createDefaultService(ChromeDriverService.java:147)
at org.openqa.selenium.chrome.ChromeDriver.<init>(ChromeDriver.java:50)
at browserFactory.BrowserFactory.startBrowser(BrowserFactory.java:27)
at base.BaseClass.setupBrowser(BaseClass.java:21)
at java.util.ArrayList.forEach(ArrayList.java:1259)
... Removed 35 stack frames]]>
    </failure>
  </testcase> <!-- @BeforeMethod setupBrowser -->
  <testcase name="@AfterMethod closeBrowser" time="-1.677225787111E9" classname="base.BaseClass">
    <skipped/>
  </testcase> <!-- @AfterMethod closeBrowser -->
  <testcase name="@BeforeMethod setupBrowser" time="-1.677225787112E9" classname="base.BaseClass">
    <skipped/>
  </testcase> <!-- @BeforeMethod setupBrowser -->
  <testcase name="@AfterMethod closeBrowser" time="-1.677225787112E9" classname="base.BaseClass">
    <skipped/>
  </testcase> <!-- @AfterMethod closeBrowser -->
  <testcase name="loginToApplication" time="0.0" classname="testcases.LoginTest">
    <skipped/>
  </testcase> <!-- loginToApplication -->
  <testcase name="loginToApplication" time="0.0" classname="testcases.LoginTest">
    <skipped/>
  </testcase> <!-- loginToApplication -->
</testsuite> <!-- Test -->
